<?xml version="1.0" encoding="UTF-8"?>
<!-- Generated by org.testng.reporters.JUnitReportReporter -->
<testsuite skipped="0" hostname="him-PC" name="com.qa.test.LogInPageTest" tests="1" failures="0" timestamp="28 May 2020 07:47:13 GMT" time="18.435" errors="0">
  <testcase name="loginPageTitleTest" time="18.435" classname="com.qa.test.LogInPageTest"/>
</testsuite> <!-- com.qa.test.LogInPageTest -->
