<?xml version="1.0" encoding="UTF-8"?>
<!-- Generated by org.testng.reporters.JUnitReportReporter -->
<testsuite skipped="0" hostname="him-PC" name="com.qa.test.HomepageTest" tests="1" failures="0" timestamp="28 May 2020 07:47:13 GMT" time="30.961" errors="0">
  <testcase name="PageTitle" time="30.961" classname="com.qa.test.HomepageTest"/>
</testsuite> <!-- com.qa.test.HomepageTest -->
