<?xml version="1.0" encoding="UTF-8"?>
<!-- Generated by org.testng.reporters.JUnitReportReporter -->
<testsuite skipped="0" hostname="him-PC" name="com.qa.test.HomepageTest" tests="1" failures="0" timestamp="07 Sep 2020 11:44:44 GMT" time="68.543" errors="0">
  <testcase name="PageTitle" time="68.543" classname="com.qa.test.HomepageTest"/>
</testsuite> <!-- com.qa.test.HomepageTest -->
