<?xml version="1.0" encoding="UTF-8"?>
<!-- Generated by org.testng.reporters.JUnitReportReporter -->
<testsuite skipped="0" hostname="him-PC" name="com.qa.test.LogInPageTest" tests="2" failures="0" timestamp="18 Sep 2020 09:24:23 GMT" time="108.941" errors="0">
  <testcase name="loginPageTitleTest" time="48.197" classname="com.qa.test.LogInPageTest"/>
  <testcase name="loginTest" time="60.744" classname="com.qa.test.LogInPageTest"/>
</testsuite> <!-- com.qa.test.LogInPageTest -->
